mode: set
github.com/Hikari1149/bookings/internal/handlers/handlers.go:22.47,27.2 1 1
github.com/Hikari1149/bookings/internal/handlers/handlers.go:30.33,33.2 1 1
github.com/Hikari1149/bookings/internal/handlers/handlers.go:36.67,42.2 3 1
github.com/Hikari1149/bookings/internal/handlers/handlers.go:45.68,57.2 5 1
github.com/Hikari1149/bookings/internal/handlers/handlers.go:59.71,61.2 1 1
github.com/Hikari1149/bookings/internal/handlers/handlers.go:63.69,65.2 1 1
github.com/Hikari1149/bookings/internal/handlers/handlers.go:68.74,78.2 4 1
github.com/Hikari1149/bookings/internal/handlers/handlers.go:80.78,82.16 2 1
github.com/Hikari1149/bookings/internal/handlers/handlers.go:87.2,100.19 6 1
github.com/Hikari1149/bookings/internal/handlers/handlers.go:113.2,115.66 2 1
github.com/Hikari1149/bookings/internal/handlers/handlers.go:82.16,85.3 2 0
github.com/Hikari1149/bookings/internal/handlers/handlers.go:100.19,110.3 4 0
github.com/Hikari1149/bookings/internal/handlers/handlers.go:119.75,121.2 1 1
github.com/Hikari1149/bookings/internal/handlers/handlers.go:123.79,130.2 3 1
github.com/Hikari1149/bookings/internal/handlers/handlers.go:138.79,146.16 3 1
github.com/Hikari1149/bookings/internal/handlers/handlers.go:150.2,151.14 2 1
github.com/Hikari1149/bookings/internal/handlers/handlers.go:146.16,148.3 1 0
github.com/Hikari1149/bookings/internal/handlers/handlers.go:154.70,156.2 1 1
github.com/Hikari1149/bookings/internal/handlers/handlers.go:158.81,163.9 2 1
github.com/Hikari1149/bookings/internal/handlers/handlers.go:171.2,177.4 4 0
github.com/Hikari1149/bookings/internal/handlers/handlers.go:163.9,168.3 4 1
