mode: set
github.com/Hikari1149/bookings/internal/handlers/handlers.go:29.62,35.2 1 0
github.com/Hikari1149/bookings/internal/handlers/handlers.go:37.51,43.2 1 1
github.com/Hikari1149/bookings/internal/handlers/handlers.go:46.33,49.2 1 1
github.com/Hikari1149/bookings/internal/handlers/handlers.go:52.67,54.2 1 1
github.com/Hikari1149/bookings/internal/handlers/handlers.go:57.68,59.2 1 1
github.com/Hikari1149/bookings/internal/handlers/handlers.go:61.71,63.2 1 1
github.com/Hikari1149/bookings/internal/handlers/handlers.go:65.69,67.2 1 1
github.com/Hikari1149/bookings/internal/handlers/handlers.go:70.74,73.9 2 1
github.com/Hikari1149/bookings/internal/handlers/handlers.go:79.2,80.16 2 1
github.com/Hikari1149/bookings/internal/handlers/handlers.go:85.2,104.4 10 1
github.com/Hikari1149/bookings/internal/handlers/handlers.go:73.9,77.3 3 1
github.com/Hikari1149/bookings/internal/handlers/handlers.go:80.16,84.3 3 1
github.com/Hikari1149/bookings/internal/handlers/handlers.go:107.78,110.9 2 1
github.com/Hikari1149/bookings/internal/handlers/handlers.go:115.2,116.16 2 1
github.com/Hikari1149/bookings/internal/handlers/handlers.go:122.2,132.19 9 1
github.com/Hikari1149/bookings/internal/handlers/handlers.go:144.2,146.16 2 1
github.com/Hikari1149/bookings/internal/handlers/handlers.go:151.2,160.16 3 1
github.com/Hikari1149/bookings/internal/handlers/handlers.go:167.2,169.66 2 1
github.com/Hikari1149/bookings/internal/handlers/handlers.go:110.9,113.3 2 0
github.com/Hikari1149/bookings/internal/handlers/handlers.go:116.16,120.3 3 1
github.com/Hikari1149/bookings/internal/handlers/handlers.go:132.19,142.3 4 0
github.com/Hikari1149/bookings/internal/handlers/handlers.go:146.16,150.3 3 0
github.com/Hikari1149/bookings/internal/handlers/handlers.go:160.16,164.3 3 0
github.com/Hikari1149/bookings/internal/handlers/handlers.go:173.75,175.2 1 1
github.com/Hikari1149/bookings/internal/handlers/handlers.go:177.79,185.16 5 0
github.com/Hikari1149/bookings/internal/handlers/handlers.go:189.2,190.16 2 0
github.com/Hikari1149/bookings/internal/handlers/handlers.go:195.2,196.21 2 0
github.com/Hikari1149/bookings/internal/handlers/handlers.go:203.2,203.16 1 0
github.com/Hikari1149/bookings/internal/handlers/handlers.go:207.2,207.26 1 0
github.com/Hikari1149/bookings/internal/handlers/handlers.go:211.2,224.4 5 0
github.com/Hikari1149/bookings/internal/handlers/handlers.go:185.16,188.3 2 0
github.com/Hikari1149/bookings/internal/handlers/handlers.go:190.16,193.3 2 0
github.com/Hikari1149/bookings/internal/handlers/handlers.go:196.21,202.3 4 0
github.com/Hikari1149/bookings/internal/handlers/handlers.go:203.16,206.3 2 0
github.com/Hikari1149/bookings/internal/handlers/handlers.go:207.26,209.3 1 0
github.com/Hikari1149/bookings/internal/handlers/handlers.go:237.79,260.16 10 0
github.com/Hikari1149/bookings/internal/handlers/handlers.go:265.2,266.14 2 0
github.com/Hikari1149/bookings/internal/handlers/handlers.go:260.16,263.3 2 0
github.com/Hikari1149/bookings/internal/handlers/handlers.go:269.70,271.2 1 1
github.com/Hikari1149/bookings/internal/handlers/handlers.go:273.81,278.9 2 0
github.com/Hikari1149/bookings/internal/handlers/handlers.go:286.2,301.4 9 0
github.com/Hikari1149/bookings/internal/handlers/handlers.go:278.9,283.3 4 0
github.com/Hikari1149/bookings/internal/handlers/handlers.go:305.73,307.16 2 0
github.com/Hikari1149/bookings/internal/handlers/handlers.go:312.2,313.9 2 0
github.com/Hikari1149/bookings/internal/handlers/handlers.go:318.2,322.63 3 0
github.com/Hikari1149/bookings/internal/handlers/handlers.go:307.16,310.3 2 0
github.com/Hikari1149/bookings/internal/handlers/handlers.go:313.9,316.3 2 0
github.com/Hikari1149/bookings/internal/handlers/handlers.go:327.71,347.16 12 0
github.com/Hikari1149/bookings/internal/handlers/handlers.go:350.2,354.63 3 0
github.com/Hikari1149/bookings/internal/handlers/handlers.go:347.16,349.3 1 0
